-------------------------------------------------------------------------------
Test set: io.MEPE.security.JwtUtilTest
-------------------------------------------------------------------------------
Tests run: 1, Failures: 0, Errors: 1, Skipped: 0, Time elapsed: 0.022 s <<< FAILURE! - in io.MEPE.security.JwtUtilTest
io.MEPE.security.JwtUtilTest  Time elapsed: 0.021 s  <<< ERROR!
java.lang.IllegalStateException: Unable to find a @SpringBootConfiguration, you need to use @ContextConfiguration or @SpringBootTest(classes=...) with your test

